<?xml version="1.0" encoding="UTF-8"?>
<!-- Generated by org.testng.reporters.JUnitReportReporter -->
<testsuite hostname="MAX-PC" name="java_example.test" tests="1" failures="0" timestamp="30 Sep 2015 10:25:10 GMT" time="4.314" errors="0">
  <testcase name="test_google" time="4.314" classname="java_example.test"/>
</testsuite> <!-- java_example.test -->
